<?xml version="1.0" encoding="UTF-8"?>
<testsuites>
    <testsuite name="force.apex" timestamp="2020-12-15T11:17:25-06:00" hostname="https://aryanlightning-dev-ed.my.salesforce.com" tests="1" failures="1"  errors="0"  time="0.09">
        <properties>
            <property name="outcome" value="Failed"/>
            <property name="testsRan" value="1"/>
            <property name="passing" value="0"/>
            <property name="failing" value="1"/>
            <property name="skipped" value="0"/>
            <property name="passRate" value="0%"/>
            <property name="failRate" value="100%"/>
            <property name="testStartTime" value="Dec 15, 2020 11:17 AM"/>
            <property name="testExecutionTime" value="0.09 s"/>
            <property name="testTotalTime" value="0.09 s"/>
            <property name="commandTime" value="14.41 s"/>
            <property name="hostname" value="https://aryanlightning-dev-ed.my.salesforce.com"/>
            <property name="orgId" value="00D90000000l1ocEAA"/>
            <property name="username" value="devramesh@sfdc.com"/>
            <property name="testRunId" value="7072v0000FUSVKf"/>
            <property name="userId" value="00590000001SLrhAAG"/>
        </properties>
        <testcase name="testLoadData" classname="testApexWorkbook" time="0.09">
            <failure message="System.DmlException: Insert failed. First exception on row 0; first error: REQUIRED_FIELD_MISSING, Required fields are missing: [Quantity__c]: [Quantity__c]"><![CDATA[Class.apexWorkbook.loadData: line 16, column 1
Class.testApexWorkbook.testLoadData: line 6, column 1]]></failure>
        </testcase>
    </testsuite>
</testsuites>
